<?xml version='1.0' encoding='UTF-8'?>
<testsuite hostname="nfml-jomekeWVM" name="example.ListsSuite" tests="9" errors="0" failures="0" skipped="0" time="0.097" timestamp="2020-12-22T13:26:29">
                     <properties>
      <property name="jline.esc.timeout" value="0"/><property name="jna.platform.library.path" value="/usr/lib:/usr/lib"/><property name="java.runtime.name" value="OpenJDK Runtime Environment"/><property name="sun.boot.library.path" value="/Users/jomeke/.sdkman/candidates/java/8.0.275-amzn/jre/lib"/><property name="java.vm.version" value="25.275-b01"/><property name="gopherProxySet" value="false"/><property name="java.vm.vendor" value="Amazon.com Inc."/><property name="java.vendor.url" value="https://aws.amazon.com/corretto/"/><property name="path.separator" value=":"/><property name="jna.loaded" value="true"/><property name="java.vm.name" value="OpenJDK 64-Bit Server VM"/><property name="file.encoding.pkg" value="sun.io"/><property name="user.country" value="US"/><property name="sun.java.launcher" value="SUN_STANDARD"/><property name="sun.os.patch.level" value="unknown"/><property name="jna.nosys" value="true"/><property name="java.vm.specification.name" value="Java Virtual Machine Specification"/><property name="user.dir" value="/Users/jomeke/example"/><property name="java.runtime.version" value="1.8.0_275-b01"/><property name="java.awt.graphicsenv" value="sun.awt.CGraphicsEnvironment"/><property name="java.endorsed.dirs" value="/Users/jomeke/.sdkman/candidates/java/8.0.275-amzn/jre/lib/endorsed"/><property name="os.arch" value="x86_64"/><property name="java.io.tmpdir" value="/var/folders/3y/9p5_vggn43ld857d_kf81wq40000gn/T/"/><property name="line.separator" value="
"/><property name="java.vm.specification.vendor" value="Oracle Corporation"/><property name="os.name" value="Mac OS X"/><property name="sun.jnu.encoding" value="UTF-8"/><property name="jnidispatch.path" value="/var/folders/3y/9p5_vggn43ld857d_kf81wq40000gn/T/jna--1154418761/jna5733711629495743191.tmp"/><property name="java.library.path" value="/Users/jomeke/Library/Java/Extensions:/Library/Java/Extensions:/Network/Library/Java/Extensions:/System/Library/Java/Extensions:/usr/lib/java:."/><property name="java.specification.name" value="Java Platform API Specification"/><property name="java.class.version" value="52.0"/><property name="sun.management.compiler" value="HotSpot 64-Bit Tiered Compilers"/><property name="os.version" value="10.15.7"/><property name="http.nonProxyHosts" value="local|*.local|169.254/16|*.169.254/16"/><property name="user.home" value="/Users/jomeke"/><property name="user.timezone" value="America/Chicago"/><property name="java.awt.printerjob" value="sun.lwawt.macosx.CPrinterJob"/><property name="file.encoding" value="UTF-8"/><property name="java.specification.version" value="1.8"/><property name="java.class.path" value="/usr/local/Cellar/sbt/1.4.2/libexec/bin/sbt-launch.jar"/><property name="user.name" value="jomeke"/><property name="jline.shutdownhook" value="false"/><property name="java.vm.specification.version" value="1.8"/><property name="sun.java.command" value="/usr/local/Cellar/sbt/1.4.2/libexec/bin/sbt-launch.jar"/><property name="java.home" value="/Users/jomeke/.sdkman/candidates/java/8.0.275-amzn/jre"/><property name="sun.arch.data.model" value="64"/><property name="user.language" value="en"/><property name="java.specification.vendor" value="Oracle Corporation"/><property name="awt.toolkit" value="sun.lwawt.macosx.LWCToolkit"/><property name="java.vm.info" value="mixed mode"/><property name="java.version" value="1.8.0_275"/><property name="java.ext.dirs" value="/Users/jomeke/Library/Java/Extensions:/Users/jomeke/.sdkman/candidates/java/8.0.275-amzn/jre/lib/ext:/Library/Java/Extensions:/Network/Library/Java/Extensions:/System/Library/Java/Extensions:/usr/lib/java"/><property name="sun.boot.class.path" value="/Users/jomeke/.sdkman/candidates/java/8.0.275-amzn/jre/lib/resources.jar:/Users/jomeke/.sdkman/candidates/java/8.0.275-amzn/jre/lib/rt.jar:/Users/jomeke/.sdkman/candidates/java/8.0.275-amzn/jre/lib/sunrsasign.jar:/Users/jomeke/.sdkman/candidates/java/8.0.275-amzn/jre/lib/jsse.jar:/Users/jomeke/.sdkman/candidates/java/8.0.275-amzn/jre/lib/jce.jar:/Users/jomeke/.sdkman/candidates/java/8.0.275-amzn/jre/lib/charsets.jar:/Users/jomeke/.sdkman/candidates/java/8.0.275-amzn/jre/lib/jfr.jar:/Users/jomeke/.sdkman/candidates/java/8.0.275-amzn/jre/classes"/><property name="java.vendor" value="Amazon.com Inc."/><property name="file.separator" value="/"/><property name="java.vendor.url.bug" value="https://github.com/corretto/corretto-8/issues/"/><property name="sun.io.unicode.encoding" value="UnicodeBig"/><property name="sun.cpu.endian" value="little"/><property name="socksNonProxyHosts" value="local|*.local|169.254/16|*.169.254/16"/><property name="ftp.nonProxyHosts" value="local|*.local|169.254/16|*.169.254/16"/><property name="sun.cpu.isalist" value=""/>
    </properties>
                     <testcase classname="example.ListsSuite" name="sum of a few negative numbers" time="0.093">
                                                 
                                               </testcase><testcase classname="example.ListsSuite" name="one plus one is three (0pts)?" time="0.001">
                                                 
                                               </testcase><testcase classname="example.ListsSuite" name="max throws an exception if empty list" time="0.002">
                                                 
                                               </testcase><testcase classname="example.ListsSuite" name="max of a few numbers (10pts)" time="0.0">
                                                 
                                               </testcase><testcase classname="example.ListsSuite" name="intNotZero throws an exception if its argument is 0" time="0.0">
                                                 
                                               </testcase><testcase classname="example.ListsSuite" name="max of a few negative numbers" time="0.001">
                                                 
                                               </testcase><testcase classname="example.ListsSuite" name="details why one plus one is not three (0pts)" time="0.0">
                                                 
                                               </testcase><testcase classname="example.ListsSuite" name="sum of a few numbers (10pts)" time="0.0">
                                                 
                                               </testcase><testcase classname="example.ListsSuite" name="one plus one is two (0pts)" time="0.0">
                                                 
                                               </testcase>
                     <system-out><![CDATA[]]></system-out>
                     <system-err><![CDATA[]]></system-err>
                   </testsuite>